c:\users\milkw\documents\computer_project\2020_20310814\worksheet4\hello_cmake\build2\hello.dir\debug\vc142.pdb
c:\users\milkw\documents\computer_project\2020_20310814\worksheet4\hello_cmake\build2\hello.dir\debug\hello.obj
c:\users\milkw\documents\computer_project\2020_20310814\worksheet4\hello_cmake\build2\hello.dir\debug\hello.nativecodeanalysis.sarif
c:\users\milkw\documents\computer_project\2020_20310814\worksheet4\hello_cmake\build2\hello.dir\debug\hello.nativecodeanalysis.xml
c:\users\milkw\documents\computer_project\2020_20310814\worksheet4\hello_cmake\build2\cmakefiles\generate.stamp
c:\users\milkw\documents\computer_project\2020_20310814\worksheet4\hello_cmake\build2\debug\hello.ilk
c:\users\milkw\documents\computer_project\2020_20310814\worksheet4\hello_cmake\build2\debug\hello.exe
c:\users\milkw\documents\computer_project\2020_20310814\worksheet4\hello_cmake\build2\debug\hello.pdb
c:\users\milkw\documents\computer_project\2020_20310814\worksheet4\hello_cmake\build2\hello.dir\debug\nativecodeanalysis.read.1.tlog
c:\users\milkw\documents\computer_project\2020_20310814\worksheet4\hello_cmake\build2\hello.dir\debug\vc.nativecodeanalysis.all.xml
c:\users\milkw\documents\computer_project\2020_20310814\worksheet4\hello_cmake\build2\debug\hello.exe.lastcodeanalysissucceeded
c:\users\milkw\documents\computer_project\2020_20310814\worksheet4\hello_cmake\build2\hello.dir\debug\hello.tlog\cl.command.1.tlog
c:\users\milkw\documents\computer_project\2020_20310814\worksheet4\hello_cmake\build2\hello.dir\debug\hello.tlog\cl.read.1.tlog
c:\users\milkw\documents\computer_project\2020_20310814\worksheet4\hello_cmake\build2\hello.dir\debug\hello.tlog\cl.write.1.tlog
c:\users\milkw\documents\computer_project\2020_20310814\worksheet4\hello_cmake\build2\hello.dir\debug\hello.tlog\custombuild.command.1.tlog
c:\users\milkw\documents\computer_project\2020_20310814\worksheet4\hello_cmake\build2\hello.dir\debug\hello.tlog\custombuild.read.1.tlog
c:\users\milkw\documents\computer_project\2020_20310814\worksheet4\hello_cmake\build2\hello.dir\debug\hello.tlog\custombuild.write.1.tlog
c:\users\milkw\documents\computer_project\2020_20310814\worksheet4\hello_cmake\build2\hello.dir\debug\hello.tlog\link.command.1.tlog
c:\users\milkw\documents\computer_project\2020_20310814\worksheet4\hello_cmake\build2\hello.dir\debug\hello.tlog\link.read.1.tlog
c:\users\milkw\documents\computer_project\2020_20310814\worksheet4\hello_cmake\build2\hello.dir\debug\hello.tlog\link.write.1.tlog
